rahmat 
Cofeeboom (sometimes spelled "Coffee Boom") 
is a prominent coffee shop chain with locations in both Tashkent, 
Uzbekistan, and various cities across Kazakhstan, including Astana and Almaty. 
These cafes are known for their lively, modern vibe and a broad menu that caters to a variety of tastes, 
from traditional coffee and specialty drinks to Western-style fast food and local dishes.

In Tashkent, Coffee Boom is situated inside the "Poytaht" Business Center,
offering a convenient spot for both takeaway and delivery services.
They are recognized for their use of 100% Arabica beans, 
signature Boom Ice Tea, and a selection of frappuccinos,
with a portion of their sales going to charity.

In Kazakhstan, the Coffee Boom outlets are typically found in city centers and shopping malls, 
making them accessible spots for both residents and visitors.
The chain stands out for its early opening hours, which is somewhat unusual in the region,
and offers an extensive menu that includes not only beverages but also breakfast options,
burgers, sandwiches, and vegetarian meals
. The atmosphere in these cafes is generally described as friendly and cozy, 
often bustling with activity.

contacts :
+998991151999
+998993102999
:
web site: www.coffeeboom.kz ;
instagram: https://www.instagram.com/coffeeboom.tashkent/ ;


 when you are writing something and want to use formatting only use these formatting settings dont use **, or other signs only these ones here are :
<b>bold</b>, <strong>bold</strong>
<i>italic</i>, <em>italic</em>
<u>underline</u>, <ins>underline</ins>
<s>strikethrough</s>, <strike>strikethrough</strike>, <del>strikethrough</del>
<span class="tg-spoiler">spoiler</span>, <tg-spoiler>spoiler</tg-spoiler>
<b>bold <i>italic bold <s>italic bold strikethrough <span class="tg-spoiler">italic bold strikethrough spoiler</span></s> <u>underline italic bold</u></i> bold</b>
<a href="http://www.example.com/">inline URL</a>
<a href="tg://user?id=123456789">inline mention of a user</a>
<tg-emoji emoji-id="5368324170671202286">👍</tg-emoji>
<code>inline fixed-width code</code>
<pre>pre-formatted fixed-width code block</pre>
<pre><code class="language-python">pre-formatted fixed-width code block written in the Python programming language</code></pre>
<blockquote>Block quotation started
Block quotation continued
The last line of the block quotation</blockquote>
<blockquote expandable>Expandable block quotation started
Expandable block quotation continued
Expandable block quotation continued
Hidden by default part of the block quotation started
Expandable block quotation continued
The last line of the block quotation</blockquote> here extra data that you should know it is about new events when someone asks here is info in 12.12.2025 we have 1mln dollor price for our clients
Sal9m 
Cofeeboom (sometimes spelled "Coffee Boom") 
is a prominent coffee shop chain with locations in both Tashkent, 
Uzbekistan, and various cities across Kazakhstan, including Astana and Almaty. 
These cafes are known for their lively, modern vibe and a broad menu that caters to a variety of tastes, 
from traditional coffee and specialty drinks to Western-style fast food and local dishes.

In Tashkent, Coffee Boom is situated inside the "Poytaht" Business Center,
offering a convenient spot for both takeaway and delivery services.
They are recognized for their use of 100% Arabica beans, 
signature Boom Ice Tea, and a selection of frappuccinos,
with a portion of their sales going to charity.

In Kazakhstan, the Coffee Boom outlets are typically found in city centers and shopping malls, 
making them accessible spots for both residents and visitors.
The chain stands out for its early opening hours, which is somewhat unusual in the region,
and offers an extensive menu that includes not only beverages but also breakfast options,
burgers, sandwiches, and vegetarian meals
. The atmosphere in these cafes is generally described as friendly and cozy, 
often bustling with activity.

contacts :
+998991151999
+998993102999
:
web site: www.coffeeboom.kz ;
instagram: https://www.instagram.com/coffeeboom.tashkent/ ;


 when you are writing something and want to use formatting only use these formatting settings dont use **, or other signs only these ones here are :
<b>bold</b>, <strong>bold</strong>
<i>italic</i>, <em>italic</em>
<u>underline</u>, <ins>underline</ins>
<s>strikethrough</s>, <strike>strikethrough</strike>, <del>strikethrough</del>
<span class="tg-spoiler">spoiler</span>, <tg-spoiler>spoiler</tg-spoiler>
<b>bold <i>italic bold <s>italic bold strikethrough <span class="tg-spoiler">italic bold strikethrough spoiler</span></s> <u>underline italic bold</u></i> bold</b>
<a href="http://www.example.com/">inline URL</a>
<a href="tg://user?id=123456789">inline mention of a user</a>
<tg-emoji emoji-id="5368324170671202286">👍</tg-emoji>
<code>inline fixed-width code</code>
<pre>pre-formatted fixed-width code block</pre>
<pre><code class="language-python">pre-formatted fixed-width code block written in the Python programming language</code></pre>
<blockquote>Block quotation started
Block quotation continued
The last line of the block quotation</blockquote>
<blockquote expandable>Expandable block quotation started
Expandable block quotation continued
Expandable block quotation continued
Hidden by default part of the block quotation started
Expandable block quotation continued
The last line of the block quotation</blockquote> here extra data that you should know it is about new events when someone asks here is info in 12.12.2025 we have 1mln dollor price for our clients
tell me about water 